c:\users\henry\onedrive\documents\github\simpletimestamp\simpletimestamp\simpletimestampverify\debug\simpletimestampverify.pch
c:\users\henry\onedrive\documents\github\simpletimestamp\simpletimestamp\simpletimestampverify\debug\vc120.pdb
c:\users\henry\onedrive\documents\github\simpletimestamp\simpletimestamp\simpletimestampverify\debug\vc120.idb
c:\users\henry\onedrive\documents\github\simpletimestamp\simpletimestamp\simpletimestampverify\debug\stdafx.obj
c:\users\henry\onedrive\documents\github\simpletimestamp\simpletimestamp\simpletimestampverify\debug\base64.obj
c:\users\henry\onedrive\documents\github\simpletimestamp\simpletimestamp\simpletimestampverify\debug\sha256.obj
c:\users\henry\onedrive\documents\github\simpletimestamp\simpletimestamp\simpletimestampverify\debug\simpletimestampverify.obj
c:\users\henry\onedrive\documents\github\simpletimestamp\simpletimestamp\simpletimestampverify\debug\timestamphandler.obj
c:\users\henry\onedrive\documents\github\simpletimestamp\simpletimestamp\simpletimestampverify\debug\utils.obj
c:\users\henry\onedrive\documents\github\simpletimestamp\simpletimestamp\debug\simpletimestampverify.ilk
c:\users\henry\onedrive\documents\github\simpletimestamp\simpletimestamp\debug\simpletimestampverify.exe
c:\users\henry\onedrive\documents\github\simpletimestamp\simpletimestamp\debug\simpletimestampverify.pdb
c:\users\henry\onedrive\documents\github\simpletimestamp\simpletimestamp\simpletimestampverify\debug\simpletimestampverify.res
c:\users\henry\onedrive\documents\github\simpletimestamp\simpletimestamp\simpletimestampverify\debug\simpleti.b6026f43.tlog\cl.command.1.tlog
c:\users\henry\onedrive\documents\github\simpletimestamp\simpletimestamp\simpletimestampverify\debug\simpleti.b6026f43.tlog\cl.read.1.tlog
c:\users\henry\onedrive\documents\github\simpletimestamp\simpletimestamp\simpletimestampverify\debug\simpleti.b6026f43.tlog\cl.write.1.tlog
c:\users\henry\onedrive\documents\github\simpletimestamp\simpletimestamp\simpletimestampverify\debug\simpleti.b6026f43.tlog\link.command.1.tlog
c:\users\henry\onedrive\documents\github\simpletimestamp\simpletimestamp\simpletimestampverify\debug\simpleti.b6026f43.tlog\link.read.1.tlog
c:\users\henry\onedrive\documents\github\simpletimestamp\simpletimestamp\simpletimestampverify\debug\simpleti.b6026f43.tlog\link.write.1.tlog
c:\users\henry\onedrive\documents\github\simpletimestamp\simpletimestamp\simpletimestampverify\debug\simpleti.b6026f43.tlog\rc.command.1.tlog
c:\users\henry\onedrive\documents\github\simpletimestamp\simpletimestamp\simpletimestampverify\debug\simpleti.b6026f43.tlog\rc.read.1.tlog
c:\users\henry\onedrive\documents\github\simpletimestamp\simpletimestamp\simpletimestampverify\debug\simpleti.b6026f43.tlog\rc.write.1.tlog
