Build started 5/10/2015 1:41:35 PM.
     1>Project "C:\Users\Henry\OneDrive\Documents\GitHub\SimpleTimestamp\SimpleTimestamp\SimpleTimestamp.vcxproj" on node 2 (Build target(s)).
     1>ClCompile:
         C:\Program Files (x86)\Microsoft Visual Studio 12.0\VC\bin\CL.exe /c /IC:\Users\Henry\OneDrive\Documents\GitHub\SimpleTimestamp\SimpleTimestamp\packages\openssl.1.0.1.25\build\native\../..//build/native/include/v120\Win32\Debug\dynamic /IC:\Users\Henry\OneDrive\Documents\GitHub\SimpleTimestamp\SimpleTimestamp\packages\openssl.1.0.1.25\build\native\../..//build/native/include/ /IC:\Users\Henry\OneDrive\Documents\GitHub\SimpleTimestamp\SimpleTimestamp\packages\zlib.1.2.8.7\build\native\../..//build/native/include/ /ZI /nologo /W3 /WX- /sdl /Od /Oy- /D ZLIB_DLL /D HAS_ZLIB /D WIN32 /D _DEBUG /D _CONSOLE /D _LIB /D _CRT_SECURE_NO_WARNINGS /D _UNICODE /D UNICODE /Gm /EHsc /RTC1 /MDd /GS /fp:precise /Zc:wchar_t /Zc:forScope /Yc"stdafx.h" /Fp"Debug\SimpleTimestamp.pch" /Fo"Debug\\" /Fd"Debug\vc120.pdb" /Gd /TP /analyze- /errorReport:prompt stdafx.cpp
         stdafx.cpp
         C:\Program Files (x86)\Microsoft Visual Studio 12.0\VC\bin\CL.exe /c /IC:\Users\Henry\OneDrive\Documents\GitHub\SimpleTimestamp\SimpleTimestamp\packages\openssl.1.0.1.25\build\native\../..//build/native/include/v120\Win32\Debug\dynamic /IC:\Users\Henry\OneDrive\Documents\GitHub\SimpleTimestamp\SimpleTimestamp\packages\openssl.1.0.1.25\build\native\../..//build/native/include/ /IC:\Users\Henry\OneDrive\Documents\GitHub\SimpleTimestamp\SimpleTimestamp\packages\zlib.1.2.8.7\build\native\../..//build/native/include/ /ZI /nologo /W3 /WX- /sdl /Od /Oy- /D ZLIB_DLL /D HAS_ZLIB /D WIN32 /D _DEBUG /D _CONSOLE /D _LIB /D _CRT_SECURE_NO_WARNINGS /D _UNICODE /D UNICODE /Gm /EHsc /RTC1 /MDd /GS /fp:precise /Zc:wchar_t /Zc:forScope /Yu"stdafx.h" /Fp"Debug\SimpleTimestamp.pch" /Fo"Debug\\" /Fd"Debug\vc120.pdb" /Gd /TP /analyze- /errorReport:prompt HTTPHandler.cpp SimpleTimestamp.cpp Utils.cpp sha256.cpp
         sha256.cpp
         Utils.cpp
         SimpleTimestamp.cpp
     1>c:\users\henry\onedrive\documents\github\simpletimestamp\simpletimestamp\consts.h(3): warning C4309: 'initializing' : truncation of constant value
     1>c:\users\henry\onedrive\documents\github\simpletimestamp\simpletimestamp\consts.h(4): warning C4309: 'initializing' : truncation of constant value
     1>c:\users\henry\onedrive\documents\github\simpletimestamp\simpletimestamp\simpletimestamp.cpp(25): warning C4244: 'initializing' : conversion from 'std::streamoff' to 'int', possible loss of data
         HTTPHandler.cpp
         Generating Code...
       Link:
         C:\Program Files (x86)\Microsoft Visual Studio 12.0\VC\bin\link.exe /ERRORREPORT:PROMPT /OUT:"C:\Users\Henry\OneDrive\Documents\GitHub\SimpleTimestamp\SimpleTimestamp\Debug\SimpleTimestamp.exe" /INCREMENTAL /NOLOGO /LIBPATH:"C:\Users\Henry\Downloads\curl-7.42.1\curl-7.42.1\builds\libcurl-vc-x64-release-dll-ipv6-sspi-winssl\lib" C:\Users\Henry\OneDrive\Documents\GitHub\SimpleTimestamp\SimpleTimestamp\packages\openssl.1.0.1.25\build\native\../..//build/native/lib/v120\Win32\Debug\dynamic\ssleay32.lib C:\Users\Henry\OneDrive\Documents\GitHub\SimpleTimestamp\SimpleTimestamp\packages\openssl.1.0.1.25\build\native\../..//build/native/lib/v120\Win32\Debug\dynamic\libeay32.lib C:\Users\Henry\OneDrive\Documents\GitHub\SimpleTimestamp\SimpleTimestamp\packages\zlib.1.2.8.7\build\native\../..//build/native/lib/v120\Win32\Debug\dynamic\cdecl\zlib.lib kernel32.lib user32.lib gdi32.lib winspool.lib comdlg32.lib advapi32.lib shell32.lib ole32.lib oleaut32.lib uuid.lib odbc32.lib odbccp32.lib winhttp.lib kernel32.lib user32.lib gdi32.lib winspool.lib comdlg32.lib advapi32.lib shell32.lib ole32.lib oleaut32.lib uuid.lib odbc32.lib odbccp32.lib /MANIFEST /MANIFESTUAC:"level='asInvoker' uiAccess='false'" /manifest:embed /DEBUG /PDB:"C:\Users\Henry\OneDrive\Documents\GitHub\SimpleTimestamp\SimpleTimestamp\Debug\SimpleTimestamp.pdb" /SUBSYSTEM:CONSOLE /TLBID:1 /DYNAMICBASE /NXCOMPAT /IMPLIB:"C:\Users\Henry\OneDrive\Documents\GitHub\SimpleTimestamp\SimpleTimestamp\Debug\SimpleTimestamp.lib" /MACHINE:X86 Debug\HTTPHandler.obj
         Debug\sha256.obj
         Debug\SimpleTimestamp.obj
         Debug\stdafx.obj
         Debug\Utils.obj
         SimpleTimestamp.vcxproj -> C:\Users\Henry\OneDrive\Documents\GitHub\SimpleTimestamp\SimpleTimestamp\Debug\SimpleTimestamp.exe
     1>Done Building Project "C:\Users\Henry\OneDrive\Documents\GitHub\SimpleTimestamp\SimpleTimestamp\SimpleTimestamp.vcxproj" (Build target(s)).

Build succeeded.

Time Elapsed 00:00:02.96
